The system is: Windows - 10.0.19042 - AMD64
Compiling the C compiler identification source file "CMakeCCompilerId.c" succeeded.
Compiler: C:/Program Files (x86)/Microsoft Visual Studio/2019/Community/VC/Tools/MSVC/14.27.29110/bin/Hostx64/x64/cl.exe 
Build flags: 
Id flags:  

The output was:
0
Оптимизирующий компилятор Microsoft (R) C/C++ версии 19.27.29112 для x64
(C) Корпорация Майкрософт (Microsoft Corporation).  Все права защищены.

CMakeCCompilerId.c
Microsoft (R) Incremental Linker Version 14.27.29112.0
Copyright (C) Microsoft Corporation.  All rights reserved.

/out:CMakeCCompilerId.exe 
CMakeCCompilerId.obj 


Compilation of the C compiler identification source "CMakeCCompilerId.c" produced "CMakeCCompilerId.exe"

Compilation of the C compiler identification source "CMakeCCompilerId.c" produced "CMakeCCompilerId.obj"

The C compiler identification is MSVC, found in "C:/Users/union/Documents/Projects/Speccy/usb2spectrum/usb2spectrum/Drivers/CMSIS/DSP/Source/out/build/x64-Debug (по умолчанию)/CMakeFiles/3.17.20032601-MSVC_2/CompilerIdC/CMakeCCompilerId.exe"

Compiling the CXX compiler identification source file "CMakeCXXCompilerId.cpp" succeeded.
Compiler: C:/Program Files (x86)/Microsoft Visual Studio/2019/Community/VC/Tools/MSVC/14.27.29110/bin/Hostx64/x64/cl.exe 
Build flags: 
Id flags:  

The output was:
0
Оптимизирующий компилятор Microsoft (R) C/C++ версии 19.27.29112 для x64
(C) Корпорация Майкрософт (Microsoft Corporation).  Все права защищены.

CMakeCXXCompilerId.cpp
Microsoft (R) Incremental Linker Version 14.27.29112.0
Copyright (C) Microsoft Corporation.  All rights reserved.

/out:CMakeCXXCompilerId.exe 
CMakeCXXCompilerId.obj 


Compilation of the CXX compiler identification source "CMakeCXXCompilerId.cpp" produced "CMakeCXXCompilerId.exe"

Compilation of the CXX compiler identification source "CMakeCXXCompilerId.cpp" produced "CMakeCXXCompilerId.obj"

The CXX compiler identification is MSVC, found in "C:/Users/union/Documents/Projects/Speccy/usb2spectrum/usb2spectrum/Drivers/CMSIS/DSP/Source/out/build/x64-Debug (по умолчанию)/CMakeFiles/3.17.20032601-MSVC_2/CompilerIdCXX/CMakeCXXCompilerId.exe"

Determining if the C compiler works passed with the following output:
Change Dir: C:/Users/union/Documents/Projects/Speccy/usb2spectrum/usb2spectrum/Drivers/CMSIS/DSP/Source/out/build/x64-Debug (по умолчанию)/CMakeFiles/CMakeTmp

Run Build Command(s):C:/Program Files (x86)/Microsoft Visual Studio/2019/Community/Common7/IDE/CommonExtensions/Microsoft/CMake/Ninja/ninja.exe cmTC_e4e29 && [1/2] Building C object CMakeFiles\cmTC_e4e29.dir\testCCompiler.c.obj
[2/2] Linking C executable cmTC_e4e29.exe



Detecting C compiler ABI info compiled with the following output:
Change Dir: C:/Users/union/Documents/Projects/Speccy/usb2spectrum/usb2spectrum/Drivers/CMSIS/DSP/Source/out/build/x64-Debug (по умолчанию)/CMakeFiles/CMakeTmp

Run Build Command(s):C:/Program Files (x86)/Microsoft Visual Studio/2019/Community/Common7/IDE/CommonExtensions/Microsoft/CMake/Ninja/ninja.exe cmTC_4abef && [1/2] Building C object CMakeFiles\cmTC_4abef.dir\CMakeCCompilerABI.c.obj
Примечание: включение файла:  C:\Program Files (x86)\Microsoft Visual Studio\2019\Community\Common7\IDE\CommonExtensions\Microsoft\CMake\CMake\share\cmake-3.17\Modules\CMakeCompilerABI.h
[2/2] Linking C executable cmTC_4abef.exe



Determining if the CXX compiler works passed with the following output:
Change Dir: C:/Users/union/Documents/Projects/Speccy/usb2spectrum/usb2spectrum/Drivers/CMSIS/DSP/Source/out/build/x64-Debug (по умолчанию)/CMakeFiles/CMakeTmp

Run Build Command(s):C:/Program Files (x86)/Microsoft Visual Studio/2019/Community/Common7/IDE/CommonExtensions/Microsoft/CMake/Ninja/ninja.exe cmTC_d9239 && [1/2] Building CXX object CMakeFiles\cmTC_d9239.dir\testCXXCompiler.cxx.obj
[2/2] Linking CXX executable cmTC_d9239.exe



Detecting CXX compiler ABI info compiled with the following output:
Change Dir: C:/Users/union/Documents/Projects/Speccy/usb2spectrum/usb2spectrum/Drivers/CMSIS/DSP/Source/out/build/x64-Debug (по умолчанию)/CMakeFiles/CMakeTmp

Run Build Command(s):C:/Program Files (x86)/Microsoft Visual Studio/2019/Community/Common7/IDE/CommonExtensions/Microsoft/CMake/Ninja/ninja.exe cmTC_a6ee7 && [1/2] Building CXX object CMakeFiles\cmTC_a6ee7.dir\CMakeCXXCompilerABI.cpp.obj
Примечание: включение файла:  C:\Program Files (x86)\Microsoft Visual Studio\2019\Community\Common7\IDE\CommonExtensions\Microsoft\CMake\CMake\share\cmake-3.17\Modules\CMakeCompilerABI.h
[2/2] Linking CXX executable cmTC_a6ee7.exe



