Flow report for spi2kb5x8
Thu Mar 25 18:25:39 2021
Quartus II 64-Bit Version 13.0.1 Build 232 06/12/2013 Service Pack 1 SJ Web Edition


---------------------
; Table of Contents ;
---------------------
  1. Legal Notice
  2. Flow Summary
  3. Flow Settings
  4. Flow Non-Default Global Settings
  5. Flow Elapsed Time
  6. Flow OS Summary
  7. Flow Log
  8. Flow Messages
  9. Flow Suppressed Messages



----------------
; Legal Notice ;
----------------
Copyright (C) 1991-2013 Altera Corporation
Your use of Altera Corporation's design tools, logic functions 
and other software and tools, and its AMPP partner logic 
functions, and any output files from any of the foregoing 
(including device programming or simulation files), and any 
associated documentation or information are expressly subject 
to the terms and conditions of the Altera Program License 
Subscription Agreement, Altera MegaCore Function License 
Agreement, or other applicable license agreement, including, 
without limitation, that your use is for the sole purpose of 
programming logic devices manufactured by Altera and sold by 
Altera or its authorized distributors.  Please refer to the 
applicable agreement for further details.



+-----------------------------------------------------------------------------+
; Flow Summary                                                                ;
+---------------------------+-------------------------------------------------+
; Flow Status               ; Successful - Thu Mar 25 18:25:37 2021           ;
; Quartus II 64-Bit Version ; 13.0.1 Build 232 06/12/2013 SP 1 SJ Web Edition ;
; Revision Name             ; spi2kb5x8                                       ;
; Top-level Entity Name     ; spi2kb5x8                                       ;
; Family                    ; MAX7000S                                        ;
; Device                    ; EPM7064SLC44-10                                 ;
; Timing Models             ; Final                                           ;
; Total macrocells          ; 51 / 64 ( 80 % )                                ;
; Total pins                ; 20 / 36 ( 56 % )                                ;
+---------------------------+-------------------------------------------------+


+-----------------------------------------+
; Flow Settings                           ;
+-------------------+---------------------+
; Option            ; Setting             ;
+-------------------+---------------------+
; Start date & time ; 03/25/2021 18:25:34 ;
; Main task         ; Compilation         ;
; Revision Name     ; spi2kb5x8           ;
+-------------------+---------------------+


+------------------------------------------------------------------------------------------------------+
; Flow Non-Default Global Settings                                                                     ;
+--------------------------+--------------------------------+---------------+-------------+------------+
; Assignment Name          ; Value                          ; Default Value ; Entity Name ; Section Id ;
+--------------------------+--------------------------------+---------------+-------------+------------+
; COMPILER_SIGNATURE_ID    ; 71384931009682.161668593402768 ; --            ; --          ; --         ;
; MAX_CORE_JUNCTION_TEMP   ; 85                             ; --            ; --          ; --         ;
; MIN_CORE_JUNCTION_TEMP   ; 0                              ; --            ; --          ; --         ;
; PROJECT_OUTPUT_DIRECTORY ; output_files                   ; --            ; --          ; --         ;
+--------------------------+--------------------------------+---------------+-------------+------------+


+-------------------------------------------------------------------------------------------------------------------------------+
; Flow Elapsed Time                                                                                                             ;
+---------------------------+--------------+-------------------------+---------------------+------------------------------------+
; Module Name               ; Elapsed Time ; Average Processors Used ; Peak Virtual Memory ; Total CPU Time (on all processors) ;
+---------------------------+--------------+-------------------------+---------------------+------------------------------------+
; Analysis & Synthesis      ; 00:00:01     ; 1.0                     ; 4563 MB             ; 00:00:00                           ;
; Fitter                    ; 00:00:01     ; 1.0                     ; 4676 MB             ; 00:00:00                           ;
; Assembler                 ; 00:00:00     ; 1.0                     ; 4511 MB             ; 00:00:00                           ;
; TimeQuest Timing Analyzer ; 00:00:01     ; 1.0                     ; 4516 MB             ; 00:00:01                           ;
; Total                     ; 00:00:03     ; --                      ; --                  ; 00:00:01                           ;
+---------------------------+--------------+-------------------------+---------------------+------------------------------------+


+----------------------------------------------------------------------------------------+
; Flow OS Summary                                                                        ;
+---------------------------+------------------+-----------+------------+----------------+
; Module Name               ; Machine Hostname ; OS Name   ; OS Version ; Processor type ;
+---------------------------+------------------+-----------+------------+----------------+
; Analysis & Synthesis      ; DESKTOP-DPDMFT2  ; Windows 7 ; 6.2        ; x86_64         ;
; Fitter                    ; DESKTOP-DPDMFT2  ; Windows 7 ; 6.2        ; x86_64         ;
; Assembler                 ; DESKTOP-DPDMFT2  ; Windows 7 ; 6.2        ; x86_64         ;
; TimeQuest Timing Analyzer ; DESKTOP-DPDMFT2  ; Windows 7 ; 6.2        ; x86_64         ;
+---------------------------+------------------+-----------+------------+----------------+


------------
; Flow Log ;
------------
quartus_map --read_settings_files=on --write_settings_files=off spi2kb5x8 -c spi2kb5x8
quartus_fit --read_settings_files=off --write_settings_files=off spi2kb5x8 -c spi2kb5x8
quartus_asm --read_settings_files=off --write_settings_files=off spi2kb5x8 -c spi2kb5x8
quartus_sta spi2kb5x8 -c spi2kb5x8



